Determining if the pthread_create exist failed with the following output:
Change Dir: /home/racecar/AV_Invisible_Boat/boat-ws/build/CMakeFiles/CMakeTmp

Run Build Command:"/usr/bin/make" "cmTC_14bfe/fast"
/usr/bin/make -f CMakeFiles/cmTC_14bfe.dir/build.make CMakeFiles/cmTC_14bfe.dir/build
make[1]: Entering directory '/home/racecar/AV_Invisible_Boat/boat-ws/build/CMakeFiles/CMakeTmp'
Building C object CMakeFiles/cmTC_14bfe.dir/CheckSymbolExists.c.o
/usr/bin/cc     -o CMakeFiles/cmTC_14bfe.dir/CheckSymbolExists.c.o   -c /home/racecar/AV_Invisible_Boat/boat-ws/build/CMakeFiles/CMakeTmp/CheckSymbolExists.c
Linking C executable cmTC_14bfe
/usr/bin/cmake -E cmake_link_script CMakeFiles/cmTC_14bfe.dir/link.txt --verbose=1
/usr/bin/cc       CMakeFiles/cmTC_14bfe.dir/CheckSymbolExists.c.o  -o cmTC_14bfe -rdynamic 
CMakeFiles/cmTC_14bfe.dir/CheckSymbolExists.c.o: In function `main':
CheckSymbolExists.c:(.text+0x14): undefined reference to `pthread_create'
CheckSymbolExists.c:(.text+0x18): undefined reference to `pthread_create'
collect2: error: ld returned 1 exit status
CMakeFiles/cmTC_14bfe.dir/build.make:97: recipe for target 'cmTC_14bfe' failed
make[1]: *** [cmTC_14bfe] Error 1
make[1]: Leaving directory '/home/racecar/AV_Invisible_Boat/boat-ws/build/CMakeFiles/CMakeTmp'
Makefile:126: recipe for target 'cmTC_14bfe/fast' failed
make: *** [cmTC_14bfe/fast] Error 2

File /home/racecar/AV_Invisible_Boat/boat-ws/build/CMakeFiles/CMakeTmp/CheckSymbolExists.c:
/* */
#include <pthread.h>

int main(int argc, char** argv)
{
  (void)argv;
#ifndef pthread_create
  return ((int*)(&pthread_create))[argc];
#else
  (void)argc;
  return 0;
#endif
}

Determining if the function pthread_create exists in the pthreads failed with the following output:
Change Dir: /home/racecar/AV_Invisible_Boat/boat-ws/build/CMakeFiles/CMakeTmp

Run Build Command:"/usr/bin/make" "cmTC_1ecfe/fast"
/usr/bin/make -f CMakeFiles/cmTC_1ecfe.dir/build.make CMakeFiles/cmTC_1ecfe.dir/build
make[1]: Entering directory '/home/racecar/AV_Invisible_Boat/boat-ws/build/CMakeFiles/CMakeTmp'
Building C object CMakeFiles/cmTC_1ecfe.dir/CheckFunctionExists.c.o
/usr/bin/cc    -DCHECK_FUNCTION_EXISTS=pthread_create   -o CMakeFiles/cmTC_1ecfe.dir/CheckFunctionExists.c.o   -c /usr/share/cmake-3.5/Modules/CheckFunctionExists.c
Linking C executable cmTC_1ecfe
/usr/bin/cmake -E cmake_link_script CMakeFiles/cmTC_1ecfe.dir/link.txt --verbose=1
/usr/bin/cc   -DCHECK_FUNCTION_EXISTS=pthread_create    CMakeFiles/cmTC_1ecfe.dir/CheckFunctionExists.c.o  -o cmTC_1ecfe -rdynamic -lpthreads 
/usr/bin/ld: cannot find -lpthreads
collect2: error: ld returned 1 exit status
CMakeFiles/cmTC_1ecfe.dir/build.make:97: recipe for target 'cmTC_1ecfe' failed
make[1]: *** [cmTC_1ecfe] Error 1
make[1]: Leaving directory '/home/racecar/AV_Invisible_Boat/boat-ws/build/CMakeFiles/CMakeTmp'
Makefile:126: recipe for target 'cmTC_1ecfe/fast' failed
make: *** [cmTC_1ecfe/fast] Error 2


